Arguments: 
  C:\Program Files\nodejs\node.exe C:\Program Files (x86)\Yarn\bin\yarn.js add webpack webpack-cli html-webpack-plugin @babel/core babel-loader @babel/preset-env @babel-preset-react -D

PATH: 
  C:\Windows\system32;C:\Windows;C:\Windows\System32\Wbem;C:\Windows\System32\WindowsPowerShell\v1.0\;C:\Windows\System32\OpenSSH\;C:\Program Files\nodejs\;D:\worksoft\Git\cmd;C:\Program Files\TortoiseSVN\bin;C:\Program Files (x86)\Yarn\bin\;D:\worksoft\mingw64\bin;C:\Users\王海容\AppData\Local\Microsoft\WindowsApps;C:\Users\王海容\AppData\Roaming\npm;C:\mongodb\bin;C:\Program Files\Bandizip\;C:\Users\王海容\AppData\Local\Yarn\bin;C:\Users\王海容\AppData\Local\BypassRuntm;C:\Users\王海容\AppData\Local\Programs\Microsoft VS Code\bin;

Yarn version: 
  1.15.2

Node version: 
  8.12.0

Platform: 
  win32 x64

Trace: 
  Error: https://registry.npm.taobao.org/@babel-preset-react: Request "https://registry.npm.taobao.org/@babel-preset-react" returned a 405
      at Request.params.callback [as _callback] (C:\Program Files (x86)\Yarn\lib\cli.js:65176:18)
      at Request.self.callback (C:\Program Files (x86)\Yarn\lib\cli.js:129541:22)
      at emitTwo (events.js:126:13)
      at Request.emit (events.js:214:7)
      at Request.<anonymous> (C:\Program Files (x86)\Yarn\lib\cli.js:130513:10)
      at emitOne (events.js:116:13)
      at Request.emit (events.js:211:7)
      at IncomingMessage.<anonymous> (C:\Program Files (x86)\Yarn\lib\cli.js:130435:12)
      at Object.onceWrapper (events.js:313:30)
      at emitNone (events.js:111:20)

npm manifest: 
  {
    "name": "webpack-optimize",
    "version": "1.0.0",
    "main": "index.js",
    "license": "MIT"
  }

yarn manifest: 
  No manifest

Lockfile: 
  No lockfile
